# JRE version: Java(TM) SE Runtime Environment (8.0_162-b12) (build 1.8.0_162-b12)
# Java VM: Java HotSpot(TM) 64-Bit Server VM (25.162-b12 mixed mode windows-amd64 compressed oops)
Heap:
 PSYoungGen      total 133120K, used 22951K [0x000000076bf80000, 0x0000000775300000, 0x00000007c0000000)
  eden space 127488K, 13% used [0x000000076bf80000,0x000000076d0e77d0,0x0000000773c00000)
  from space 5632K, 91% used [0x0000000774d80000,0x0000000775282710,0x0000000775300000)
  to   space 10240K, 0% used [0x0000000773f00000,0x0000000773f00000,0x0000000774900000)
 ParOldGen       total 179200K, used 13220K [0x00000006c3e00000, 0x00000006ced00000, 0x000000076bf80000)
  object space 179200K, 7% used [0x00000006c3e00000,0x00000006c4ae9330,0x00000006ced00000)
 Metaspace       used 36251K, capacity 38430K, committed 38744K, reserved 1083392K
  class space    used 4710K, capacity 5107K, committed 5208K, reserved 1048576K
GC Heap History (10 events):
Event: 6.293 GC heap before
{Heap before GC invocations=6 (full 1):
 PSYoungGen      total 75776K, used 71808K [0x000000076bf80000, 0x0000000773080000, 0x00000007c0000000)
  eden space 65024K, 100% used [0x000000076bf80000,0x000000076ff00000,0x000000076ff00000)
  from space 10752K, 63% used [0x0000000770980000,0x00000007710201c0,0x0000000771400000)
  to   space 10752K, 0% used [0x000000076ff00000,0x000000076ff00000,0x0000000770980000)
 ParOldGen       total 111104K, used 8780K [0x00000006c3e00000, 0x00000006caa80000, 0x000000076bf80000)
  object space 111104K, 7% used [0x00000006c3e00000,0x00000006c4693288,0x00000006caa80000)
 Metaspace       used 27521K, capacity 28470K, committed 28544K, reserved 1075200K
  class space    used 3439K, capacity 3655K, committed 3712K, reserved 1048576K
Event: 6.296 GC heap after
Heap after GC invocations=6 (full 1):
 PSYoungGen      total 75776K, used 4696K [0x000000076bf80000, 0x0000000772d80000, 0x00000007c0000000)
  eden space 65024K, 0% used [0x000000076bf80000,0x000000076bf80000,0x000000076ff00000)
  from space 10752K, 43% used [0x000000076ff00000,0x0000000770396120,0x0000000770980000)
  to   space 9728K, 0% used [0x0000000772400000,0x0000000772400000,0x0000000772d80000)
 ParOldGen       total 111104K, used 8788K [0x00000006c3e00000, 0x00000006caa80000, 0x000000076bf80000)
  object space 111104K, 7% used [0x00000006c3e00000,0x00000006c4695288,0x00000006caa80000)
 Metaspace       used 27521K, capacity 28470K, committed 28544K, reserved 1075200K
  class space    used 3439K, capacity 3655K, committed 3712K, reserved 1048576K
}
Event: 7.228 GC heap before
{Heap before GC invocations=7 (full 1):
 PSYoungGen      total 75776K, used 69720K [0x000000076bf80000, 0x0000000772d80000, 0x00000007c0000000)
  eden space 65024K, 100% used [0x000000076bf80000,0x000000076ff00000,0x000000076ff00000)
  from space 10752K, 43% used [0x000000076ff00000,0x0000000770396120,0x0000000770980000)
  to   space 9728K, 0% used [0x0000000772400000,0x0000000772400000,0x0000000772d80000)
 ParOldGen       total 111104K, used 8788K [0x00000006c3e00000, 0x00000006caa80000, 0x000000076bf80000)
  object space 111104K, 7% used [0x00000006c3e00000,0x00000006c4695288,0x00000006caa80000)
 Metaspace       used 30900K, capacity 32078K, committed 32384K, reserved 1077248K
  class space    used 3890K, capacity 4149K, committed 4224K, reserved 1048576K
Event: 7.233 GC heap after
Heap after GC invocations=7 (full 1):
 PSYoungGen      total 102912K, used 7348K [0x000000076bf80000, 0x0000000772e00000, 0x00000007c0000000)
  eden space 93184K, 0% used [0x000000076bf80000,0x000000076bf80000,0x0000000771a80000)
  from space 9728K, 75% used [0x0000000772400000,0x0000000772b2d268,0x0000000772d80000)
  to   space 9728K, 0% used [0x0000000771a80000,0x0000000771a80000,0x0000000772400000)
 ParOldGen       total 111104K, used 8796K [0x00000006c3e00000, 0x00000006caa80000, 0x000000076bf80000)
  object space 111104K, 7% used [0x00000006c3e00000,0x00000006c4697288,0x00000006caa80000)
 Metaspace       used 30900K, capacity 32078K, committed 32384K, reserved 1077248K
  class space    used 3890K, capacity 4149K, committed 4224K, reserved 1048576K
}
Event: 8.263 GC heap before
{Heap before GC invocations=8 (full 1):
 PSYoungGen      total 102912K, used 84421K [0x000000076bf80000, 0x0000000772e00000, 0x00000007c0000000)
  eden space 93184K, 82% used [0x000000076bf80000,0x0000000770ac4218,0x0000000771a80000)
  from space 9728K, 75% used [0x0000000772400000,0x0000000772b2d268,0x0000000772d80000)
  to   space 9728K, 0% used [0x0000000771a80000,0x0000000771a80000,0x0000000772400000)
 ParOldGen       total 111104K, used 8796K [0x00000006c3e00000, 0x00000006caa80000, 0x000000076bf80000)
  object space 111104K, 7% used [0x00000006c3e00000,0x00000006c4697288,0x00000006caa80000)
 Metaspace       used 33483K, capacity 35378K, committed 35416K, reserved 1079296K
  class space    used 4290K, capacity 4661K, committed 4696K, reserved 1048576K
Event: 8.270 GC heap after
Heap after GC invocations=8 (full 1):
 PSYoungGen      total 102912K, used 8153K [0x000000076bf80000, 0x0000000775780000, 0x00000007c0000000)
  eden space 93184K, 0% used [0x000000076bf80000,0x000000076bf80000,0x0000000771a80000)
  from space 9728K, 83% used [0x0000000771a80000,0x0000000772276738,0x0000000772400000)
  to   space 10240K, 0% used [0x0000000774d80000,0x0000000774d80000,0x0000000775780000)
 ParOldGen       total 111104K, used 8804K [0x00000006c3e00000, 0x00000006caa80000, 0x000000076bf80000)
  object space 111104K, 7% used [0x00000006c3e00000,0x00000006c4699288,0x00000006caa80000)
 Metaspace       used 33483K, capacity 35378K, committed 35416K, reserved 1079296K
  class space    used 4290K, capacity 4661K, committed 4696K, reserved 1048576K
}
Event: 8.270 GC heap before
{Heap before GC invocations=9 (full 2):
 PSYoungGen      total 102912K, used 8153K [0x000000076bf80000, 0x0000000775780000, 0x00000007c0000000)
  eden space 93184K, 0% used [0x000000076bf80000,0x000000076bf80000,0x0000000771a80000)
  from space 9728K, 83% used [0x0000000771a80000,0x0000000772276738,0x0000000772400000)
  to   space 10240K, 0% used [0x0000000774d80000,0x0000000774d80000,0x0000000775780000)
 ParOldGen       total 111104K, used 8804K [0x00000006c3e00000, 0x00000006caa80000, 0x000000076bf80000)
  object space 111104K, 7% used [0x00000006c3e00000,0x00000006c4699288,0x00000006caa80000)
 Metaspace       used 33483K, capacity 35378K, committed 35416K, reserved 1079296K
  class space    used 4290K, capacity 4661K, committed 4696K, reserved 1048576K
Event: 8.311 GC heap after
Heap after GC invocations=9 (full 2):
 PSYoungGen      total 102912K, used 0K [0x000000076bf80000, 0x0000000775780000, 0x00000007c0000000)
  eden space 93184K, 0% used [0x000000076bf80000,0x000000076bf80000,0x0000000771a80000)
  from space 9728K, 0% used [0x0000000771a80000,0x0000000771a80000,0x0000000772400000)
  to   space 10240K, 0% used [0x0000000774d80000,0x0000000774d80000,0x0000000775780000)
 ParOldGen       total 179200K, used 13212K [0x00000006c3e00000, 0x00000006ced00000, 0x000000076bf80000)
  object space 179200K, 7% used [0x00000006c3e00000,0x00000006c4ae7330,0x00000006ced00000)
 Metaspace       used 33483K, capacity 35378K, committed 35416K, reserved 1079296K
  class space    used 4290K, capacity 4661K, committed 4696K, reserved 1048576K
}
Event: 9.372 GC heap before
{Heap before GC invocations=10 (full 2):
 PSYoungGen      total 102912K, used 93184K [0x000000076bf80000, 0x0000000775780000, 0x00000007c0000000)
  eden space 93184K, 100% used [0x000000076bf80000,0x0000000771a80000,0x0000000771a80000)
  from space 9728K, 0% used [0x0000000771a80000,0x0000000771a80000,0x0000000772400000)
  to   space 10240K, 0% used [0x0000000774d80000,0x0000000774d80000,0x0000000775780000)
 ParOldGen       total 179200K, used 13212K [0x00000006c3e00000, 0x00000006ced00000, 0x000000076bf80000)
  object space 179200K, 7% used [0x00000006c3e00000,0x00000006c4ae7330,0x00000006ced00000)
 Metaspace       used 36028K, capacity 38232K, committed 38360K, reserved 1083392K
  class space    used 4657K, capacity 5042K, committed 5080K, reserved 1048576K
Event: 9.377 GC heap after
Heap after GC invocations=10 (full 2):
 PSYoungGen      total 133120K, used 5129K [0x000000076bf80000, 0x0000000775300000, 0x00000007c0000000)
  eden space 127488K, 0% used [0x000000076bf80000,0x000000076bf80000,0x0000000773c00000)
  from space 5632K, 91% used [0x0000000774d80000,0x0000000775282710,0x0000000775300000)
  to   space 10240K, 0% used [0x0000000773f00000,0x0000000773f00000,0x0000000774900000)
 ParOldGen       total 179200K, used 13220K [0x00000006c3e00000, 0x00000006ced00000, 0x000000076bf80000)
  object space 179200K, 7% used [0x00000006c3e00000,0x00000006c4ae9330,0x00000006ced00000)
 Metaspace       used 36028K, capacity 38232K, committed 38360K, reserved 1083392K
  class space    used 4657K, capacity 5042K, committed 5080K, reserved 1048576K
}

